[03.31.2022 20:53:42 | INFO | CLIENT]: START Client1!
[03.31.2022 20:53:42 | INFO | CLIENT]: SENDED2
[03.31.2022 20:53:42 | INFO | CLIENT]: START Client2!
[03.31.2022 20:53:42 | INFO | CLIENT]: SENDED1
[03.31.2022 20:57:23 | INFO | CLIENT]: START Client1!
[03.31.2022 20:57:23 | INFO | CLIENT]: SENDED2
[03.31.2022 20:57:24 | INFO | CLIENT]: START Client2!
[03.31.2022 20:57:24 | INFO | CLIENT]: SENDED1
[03.31.2022 20:58:36 | INFO | CLIENT]: START Client1!
[03.31.2022 20:58:36 | INFO | CLIENT]: SENDED2
[03.31.2022 20:58:36 | INFO | CLIENT]: START Client2!
[03.31.2022 20:58:36 | INFO | CLIENT]: SENDED1
[03.31.2022 21:00:25 | INFO | CLIENT]: START Client1!
[03.31.2022 21:00:25 | INFO | CLIENT]: SENDED2
[03.31.2022 21:00:26 | INFO | CLIENT]: START Client2!
[03.31.2022 21:00:26 | INFO | CLIENT]: SENDED1
[03.31.2022 21:06:48 | INFO | CLIENT]: START Client1!
[03.31.2022 21:06:48 | INFO | CLIENT]: SENDED2
[03.31.2022 21:06:48 | INFO | CLIENT]: START Client2!
[03.31.2022 21:06:48 | INFO | CLIENT]: SENDED1
[03.31.2022 21:18:02 | INFO | CLIENT]: START Client1!
[03.31.2022 21:18:02 | INFO | CLIENT]: SENDED2
[03.31.2022 21:18:03 | INFO | CLIENT]: START Client2!
[03.31.2022 21:18:03 | INFO | CLIENT]: SENDED1
[03.31.2022 21:18:54 | INFO | CLIENT]: START Client1!
[03.31.2022 21:18:54 | INFO | CLIENT]: SENDED2
[03.31.2022 21:18:54 | INFO | CLIENT]: START Client2!
[03.31.2022 21:18:54 | INFO | CLIENT]: SENDED1
[03.31.2022 21:34:20 | INFO | CLIENT]: START Client1!
[03.31.2022 21:34:20 | INFO | CLIENT]: SENDED2 RESULT
[03.31.2022 21:34:20 | INFO | CLIENT]: START Client2!
[03.31.2022 21:34:20 | INFO | CLIENT]: SENDED1
[03.31.2022 21:35:46 | INFO | CLIENT]: START Client1!
[03.31.2022 21:35:46 | INFO | CLIENT]: SENDED2 RESULT
[03.31.2022 21:35:46 | INFO | CLIENT]: START Client1!
[03.31.2022 21:35:46 | INFO | CLIENT]: SENDED2 RESULT
[03.31.2022 21:36:01 | INFO | CLIENT]: START Client1!
[03.31.2022 21:36:01 | INFO | CLIENT]: SENDED1 RESULT
[03.31.2022 21:36:01 | INFO | CLIENT]: START Client1!
[03.31.2022 21:36:01 | INFO | CLIENT]: SENDED2 RESULT
[04.01.2022 18:38:34 | INFO | CLIENT]: START Client1!
[04.01.2022 18:38:34 | INFO | CLIENT]: SENDED1 RESULT
[04.01.2022 18:38:34 | INFO | CLIENT]: START Client1!
[04.01.2022 18:38:34 | INFO | CLIENT]: SENDED2 RESULT
[04.01.2022 18:58:35 | INFO | CLIENT]: START Client1!
[04.01.2022 18:58:35 | INFO | CLIENT]: START Client1!
[04.01.2022 18:58:35 | INFO | CLIENT]: SENDED2 RESULT
[04.01.2022 19:01:26 | INFO | CLIENT]: START Client1!
[04.01.2022 19:01:26 | INFO | CLIENT]: File Sended
[04.01.2022 19:01:26 | INFO | CLIENT]: START Client1!
[04.01.2022 19:01:26 | INFO | CLIENT]: SENDED2 RESULT
[04.01.2022 19:40:10 | INFO | CLIENT]: START Client1!
[04.01.2022 19:40:10 | INFO | CLIENT]: File Sended
[04.01.2022 19:40:10 | INFO | CLIENT]: START Client1!
[04.01.2022 19:40:10 | INFO | CLIENT]: SENDED2 RESULT
[04.01.2022 19:40:46 | INFO | CLIENT]: START Client1!
[04.01.2022 19:40:46 | INFO | CLIENT]: File Sended
[04.01.2022 19:40:46 | INFO | CLIENT]: START Client1!
[04.01.2022 19:40:46 | INFO | CLIENT]: SENDED2 RESULT
[04.01.2022 19:42:01 | INFO | CLIENT]: START Client1!
[04.01.2022 19:42:01 | INFO | CLIENT]: File Sended
[04.01.2022 19:42:01 | INFO | CLIENT]: START Client2!
[04.01.2022 19:42:01 | INFO | CLIENT]: SENDED2 RESULT
[04.01.2022 19:44:04 | INFO | CLIENT]: START Client1!
[04.01.2022 19:44:04 | INFO | CLIENT]: SENDED1 RESULT
[04.01.2022 19:44:04 | INFO | CLIENT]: START Client2!
[04.01.2022 19:44:04 | INFO | CLIENT]: SENDED2 RESULT
[04.01.2022 19:44:32 | INFO | CLIENT]: START Client1!
[04.01.2022 19:44:32 | INFO | CLIENT]: SENDED1 RESULT
[04.01.2022 19:44:32 | INFO | CLIENT]: START Client2!
[04.01.2022 19:45:08 | INFO | CLIENT]: START Client1!
[04.01.2022 19:45:08 | INFO | CLIENT]: SENDED1 RESULT
[04.01.2022 19:45:08 | INFO | CLIENT]: START Client2!
[04.01.2022 19:45:08 | INFO | CLIENT]: SENDED2 RESULT
[04.01.2022 19:46:30 | INFO | CLIENT]: START Client1!
[04.01.2022 19:46:30 | INFO | CLIENT]: File Sended
[04.01.2022 19:46:31 | INFO | CLIENT]: START Client2!
[04.01.2022 19:46:31 | INFO | CLIENT]: SENDED2 RESULT
[04.01.2022 19:46:39 | INFO | CLIENT]: START Client1!
[04.01.2022 19:46:39 | INFO | CLIENT]: File Sended
[04.01.2022 19:46:39 | INFO | CLIENT]: START Client2!
[04.01.2022 19:46:39 | INFO | CLIENT]: SENDED2 RESULT
[04.01.2022 19:48:54 | INFO | CLIENT]: START Client1!
[04.01.2022 19:48:54 | INFO | CLIENT]: SENDED1 RESULT
[04.01.2022 19:48:54 | INFO | CLIENT]: START Client2!
[04.01.2022 19:48:54 | INFO | CLIENT]: SENDED2 RESULT
[04.01.2022 19:49:14 | INFO | CLIENT]: START Client1!
[04.01.2022 19:49:14 | INFO | CLIENT]: File Sended
[04.01.2022 19:49:14 | INFO | CLIENT]: START Client2!
[04.01.2022 19:49:14 | INFO | CLIENT]: SENDED2 RESULT
[04.01.2022 19:50:50 | INFO | CLIENT]: START Client1!
[04.01.2022 19:50:50 | INFO | CLIENT]: File Sended
[04.01.2022 19:50:50 | INFO | CLIENT]: START Client2!
[04.01.2022 19:50:50 | INFO | CLIENT]: SENDED2 RESULT
[04.01.2022 19:53:07 | INFO | CLIENT]: START Client1!
[04.01.2022 19:53:07 | INFO | CLIENT]: File Sended
[04.01.2022 19:53:08 | INFO | CLIENT]: START Client2!
[04.01.2022 19:53:08 | INFO | CLIENT]: SENDED2 RESULT
[04.01.2022 19:59:07 | INFO | CLIENT]: START Client1!
[04.01.2022 19:59:07 | INFO | CLIENT]: File Sended
[04.01.2022 19:59:07 | INFO | CLIENT]: START Client2!
[04.01.2022 19:59:07 | INFO | CLIENT]: SENDED2 RESULT
[04.01.2022 20:00:46 | INFO | CLIENT]: START Client1!
[04.01.2022 20:00:46 | INFO | CLIENT]: START Client2!
[04.01.2022 20:00:46 | INFO | CLIENT]: SENDED2 RESULT
[04.01.2022 20:01:00 | INFO | CLIENT]: START Client1!
[04.01.2022 20:01:00 | INFO | CLIENT]: File Sended
[04.01.2022 20:01:01 | INFO | CLIENT]: START Client2!
[04.01.2022 20:01:10 | INFO | CLIENT]: START Client1!
[04.01.2022 20:01:10 | INFO | CLIENT]: File Sended
[04.01.2022 20:01:10 | INFO | CLIENT]: START Client2!
[04.01.2022 20:01:54 | INFO | CLIENT]: START Client1!
[04.01.2022 20:01:54 | INFO | CLIENT]: File Sended
[04.01.2022 20:01:54 | INFO | CLIENT]: START Client2!
[04.01.2022 20:01:54 | INFO | CLIENT]: SENDED2 RESULT
[04.01.2022 20:03:26 | INFO | CLIENT]: START Client1!
[04.01.2022 20:03:26 | INFO | CLIENT]: File Sended
[04.01.2022 20:03:26 | INFO | CLIENT]: START Client2!
[04.01.2022 20:04:25 | INFO | CLIENT]: START Client1!
[04.01.2022 20:04:25 | INFO | CLIENT]: File Sended
[04.01.2022 20:04:26 | INFO | CLIENT]: START Client2!
[04.01.2022 20:04:48 | INFO | CLIENT]: START Client1!
[04.01.2022 20:04:48 | INFO | CLIENT]: File Sended
[04.01.2022 20:04:48 | INFO | CLIENT]: START Client2!
[04.01.2022 20:06:13 | INFO | CLIENT]: START Client1!
[04.01.2022 20:06:13 | INFO | CLIENT]: File Sended
[04.01.2022 20:06:14 | INFO | CLIENT]: START Client2!
[04.01.2022 20:07:35 | INFO | CLIENT]: START Client1!
[04.01.2022 20:07:35 | INFO | CLIENT]: File Sended
[04.01.2022 20:07:35 | INFO | CLIENT]: START Client2!
[04.01.2022 20:08:31 | INFO | CLIENT]: START Client1!
[04.01.2022 20:08:31 | INFO | CLIENT]: File Sended
[04.01.2022 20:08:31 | INFO | CLIENT]: START Client2!
[04.01.2022 20:08:31 | INFO | CLIENT]: SENDED2 RESULT
[04.01.2022 20:10:33 | INFO | CLIENT]: START Client1!
[04.01.2022 20:10:33 | INFO | CLIENT]: File Sended
[04.01.2022 20:10:33 | INFO | CLIENT]: START Client2!
[04.01.2022 20:10:33 | INFO | CLIENT]: SENDED2 RESULT
[04.01.2022 20:13:07 | INFO | CLIENT]: START Client1!
[04.01.2022 20:13:07 | INFO | CLIENT]: File Sended
[04.01.2022 20:13:07 | INFO | CLIENT]: START Client2!
[04.01.2022 20:13:07 | INFO | CLIENT]: SENDED2 RESULT
[04.01.2022 20:14:13 | INFO | CLIENT]: START Client1!
[04.01.2022 20:14:13 | INFO | CLIENT]: File Sended
[04.01.2022 20:14:13 | INFO | CLIENT]: START Client2!
[04.01.2022 20:14:13 | INFO | CLIENT]: SENDED2 RESULT
[04.02.2022 00:24:46 | INFO | CLIENT]: START Client1!
[04.02.2022 00:24:46 | INFO | CLIENT]: File Sended
[04.02.2022 00:24:46 | INFO | CLIENT]: START Client2!
[04.02.2022 00:24:46 | INFO | CLIENT]: SENDED2 RESULT
[04.02.2022 00:25:36 | INFO | CLIENT]: START Client1!
[04.02.2022 00:25:36 | INFO | CLIENT]: File Sended
[04.02.2022 00:25:36 | INFO | CLIENT]: START Client2!
[04.02.2022 00:25:54 | INFO | CLIENT]: START Client1!
[04.02.2022 00:25:54 | INFO | CLIENT]: File Sended
[04.02.2022 00:25:54 | INFO | CLIENT]: START Client2!
[04.02.2022 00:25:54 | INFO | CLIENT]: SENDED2 RESULT
[04.02.2022 00:34:02 | INFO | CLIENT]: START Client1!
[04.02.2022 00:34:02 | INFO | CLIENT]: File Sended
[04.02.2022 00:34:03 | INFO | CLIENT]: START Client2!
[04.02.2022 00:34:03 | INFO | CLIENT]: SENDED2 RESULT
[04.02.2022 01:01:22 | INFO | CLIENT]: START Client1!
[04.02.2022 01:01:22 | INFO | CLIENT]: File Sended
[04.02.2022 01:01:22 | INFO | CLIENT]: START Client2!
[04.02.2022 01:01:22 | INFO | CLIENT]: SENDED2 RESULT
[04.02.2022 01:34:28 | INFO | CLIENT]: START Client1!
[04.02.2022 01:34:28 | INFO | CLIENT]: File Sended
[04.02.2022 01:34:28 | INFO | CLIENT]: START Client2!
[04.02.2022 01:36:03 | INFO | CLIENT]: START Client1!
[04.02.2022 01:36:03 | INFO | CLIENT]: File Sended
[04.02.2022 01:36:03 | INFO | CLIENT]: START Client2!
[04.02.2022 01:37:36 | INFO | CLIENT]: START Client1!
[04.02.2022 01:37:36 | INFO | CLIENT]: File Sended
[04.02.2022 01:37:52 | INFO | CLIENT]: START Client1!
[04.02.2022 01:37:52 | INFO | CLIENT]: File Sended
[04.02.2022 01:37:52 | INFO | CLIENT]: START Client2!
[04.02.2022 01:37:52 | INFO | CLIENT]: SENDED2 RESULT
[04.02.2022 16:51:30 | INFO | CLIENT]: START Client1!
[04.02.2022 16:51:30 | INFO | CLIENT]: START Client2!
[04.02.2022 16:51:53 | INFO | CLIENT]: START Client1!
[04.02.2022 16:51:53 | INFO | CLIENT]: START Client2!
[04.02.2022 16:53:20 | INFO | CLIENT]: START Client1!
[04.02.2022 16:53:20 | INFO | CLIENT]: File Sended
[04.02.2022 16:53:20 | INFO | CLIENT]: START Client2!
[04.02.2022 16:55:34 | INFO | CLIENT]: START Client1!
[04.02.2022 16:55:34 | INFO | CLIENT]: File Sended
[04.02.2022 16:55:34 | INFO | CLIENT]: START Client2!
[04.02.2022 16:57:25 | INFO | CLIENT]: START Client1!
[04.02.2022 16:57:25 | INFO | CLIENT]: File Sended
[04.02.2022 16:57:25 | INFO | CLIENT]: START Client2!
[04.02.2022 16:58:54 | INFO | CLIENT]: START Client1!
[04.02.2022 16:58:54 | INFO | CLIENT]: File Sended
[04.02.2022 16:58:55 | INFO | CLIENT]: START Client2!
[04.03.2022 18:46:21 | INFO | CLIENT]: START Client1!
[04.03.2022 18:46:21 | INFO | CLIENT]: START Client2!
[04.03.2022 18:47:23 | INFO | CLIENT]: START Client1!
[04.03.2022 18:47:23 | INFO | CLIENT]: File Sended
[04.03.2022 18:47:23 | INFO | CLIENT]: START Client2!
[04.03.2022 18:51:19 | INFO | CLIENT]: START Client1!
[04.03.2022 18:51:19 | INFO | CLIENT]: File Sended
[04.03.2022 18:51:19 | INFO | CLIENT]: START Client2!
[04.03.2022 18:52:00 | INFO | CLIENT]: START Client1!
[04.03.2022 18:52:00 | INFO | CLIENT]: File Sended
[04.03.2022 18:52:00 | INFO | CLIENT]: START Client2!
[04.03.2022 18:54:17 | INFO | CLIENT]: START Client1!
[04.03.2022 18:54:17 | INFO | CLIENT]: File Sended
[04.03.2022 18:54:17 | INFO | CLIENT]: START Client2!
[04.03.2022 18:55:04 | INFO | CLIENT]: START Client1!
[04.03.2022 18:55:04 | INFO | CLIENT]: File Sended
[04.03.2022 18:55:04 | INFO | CLIENT]: START Client2!
[04.03.2022 18:55:30 | INFO | CLIENT]: START Client1!
[04.03.2022 18:55:30 | INFO | CLIENT]: File Sended
[04.03.2022 18:55:30 | INFO | CLIENT]: START Client2!
[04.03.2022 18:56:34 | INFO | CLIENT]: START Client1!
[04.03.2022 18:56:34 | INFO | CLIENT]: File Sended
[04.03.2022 18:56:34 | INFO | CLIENT]: START Client2!
[04.03.2022 18:57:09 | INFO | CLIENT]: START Client1!
[04.03.2022 18:57:09 | INFO | CLIENT]: File Sended
[04.03.2022 18:57:09 | INFO | CLIENT]: START Client2!
[04.03.2022 20:36:19 | INFO | CLIENT]: START Client1!
[04.03.2022 20:36:19 | INFO | CLIENT]: File Sended
[04.03.2022 20:36:19 | INFO | CLIENT]: START Client2!
[04.03.2022 20:36:46 | INFO | CLIENT]: START Client1!
[04.03.2022 20:36:46 | INFO | CLIENT]: File Sended
[04.03.2022 20:36:46 | INFO | CLIENT]: START Client2!
[04.03.2022 20:39:15 | INFO | CLIENT]: START Client1!
[04.03.2022 20:39:15 | INFO | CLIENT]: File Sended
[04.03.2022 20:39:15 | INFO | CLIENT]: START Client2!
[04.03.2022 20:39:49 | INFO | CLIENT]: START Client1!
[04.03.2022 20:39:49 | INFO | CLIENT]: File Sended
[04.03.2022 20:39:49 | INFO | CLIENT]: START Client2!
[04.03.2022 20:41:37 | INFO | CLIENT]: START Client1!
[04.03.2022 20:41:37 | INFO | CLIENT]: File Sended
[04.03.2022 20:41:37 | INFO | CLIENT]: START Client2!
[04.03.2022 20:45:27 | INFO | CLIENT]: START Client1!
[04.03.2022 20:45:27 | INFO | CLIENT]: File Sended
[04.03.2022 20:45:27 | INFO | CLIENT]: START Client2!
[04.03.2022 20:45:45 | INFO | CLIENT]: START Client1!
[04.03.2022 20:45:45 | INFO | CLIENT]: File Sended
[04.03.2022 20:45:45 | INFO | CLIENT]: START Client2!
[04.03.2022 20:45:45 | INFO | CLIENT]: Started Client Port 9190!
[04.03.2022 20:46:49 | INFO | CLIENT]: START Client1!
[04.03.2022 20:46:49 | INFO | CLIENT]: File Sended
[04.03.2022 20:46:49 | INFO | CLIENT]: START Client2!
[04.03.2022 20:46:49 | INFO | CLIENT]: Started Client Port 9190!
[04.03.2022 20:47:07 | INFO | CLIENT]: START Client1!
[04.03.2022 20:47:07 | INFO | CLIENT]: File Sended
[04.03.2022 20:47:07 | INFO | CLIENT]: START Client2!
[04.03.2022 20:47:07 | INFO | CLIENT]: Started Client Port 9190!
[04.03.2022 20:51:38 | INFO | CLIENT]: START Client2!
[04.03.2022 20:51:38 | INFO | CLIENT]: Started Client Port 9190!
[04.03.2022 20:51:59 | INFO | CLIENT]: START Client1!
[04.03.2022 20:52:04 | INFO | CLIENT]: START Client2!
[04.03.2022 20:52:04 | INFO | CLIENT]: Started Client Port 9190!
[04.03.2022 20:52:45 | INFO | CLIENT]: START Client1!
[04.03.2022 20:53:46 | INFO | CLIENT]: START Client2!
[04.03.2022 20:53:46 | INFO | CLIENT]: Started Client Port 9190!
[04.03.2022 20:55:28 | INFO | CLIENT]: START Client1!
[04.03.2022 20:55:36 | INFO | CLIENT]: START Client2!
[04.03.2022 20:55:36 | INFO | CLIENT]: Started Client Port 9190!
[04.03.2022 20:56:02 | INFO | CLIENT]: START Client1!
[04.03.2022 20:57:12 | INFO | CLIENT]: START Client2!
[04.03.2022 20:57:12 | INFO | CLIENT]: Started Client Port 9190!
[04.03.2022 20:57:54 | INFO | CLIENT]: START Client1!
[04.03.2022 20:58:24 | INFO | CLIENT]: START Client2!
[04.03.2022 20:58:24 | INFO | CLIENT]: Started Client Port 9190!
[04.03.2022 20:58:47 | INFO | CLIENT]: START Client1!
[04.03.2022 21:00:04 | INFO | CLIENT]: START Client2!
[04.03.2022 21:00:04 | INFO | CLIENT]: Started Client Port 9190!
[04.03.2022 21:00:15 | INFO | CLIENT]: START Client1!
[04.03.2022 21:00:33 | INFO | CLIENT]: START Client2!
[04.03.2022 21:00:33 | INFO | CLIENT]: START Client1!
[04.03.2022 21:00:33 | INFO | CLIENT]: File Sended
[04.03.2022 21:01:59 | INFO | CLIENT]: START Client2!
[04.03.2022 21:01:59 | INFO | CLIENT]: Started Client Port 9190!
[04.03.2022 21:02:03 | INFO | CLIENT]: START Client1!
[04.03.2022 21:02:11 | INFO | CLIENT]: START Client2!
[04.03.2022 21:02:11 | INFO | CLIENT]: Started Client Port 9190!
[04.03.2022 21:02:49 | INFO | CLIENT]: START Client1!
[04.03.2022 21:03:01 | INFO | CLIENT]: START Client2!
[04.03.2022 21:03:01 | INFO | CLIENT]: Started Client Port 9190!
[04.03.2022 21:03:16 | INFO | CLIENT]: START Client1!
[04.03.2022 21:04:11 | INFO | CLIENT]: START Client2!
[04.03.2022 21:04:11 | INFO | CLIENT]: Started Client Port 9190!
[04.03.2022 21:04:16 | INFO | CLIENT]: START Client1!
[04.03.2022 21:05:35 | INFO | CLIENT]: START Client2!
[04.03.2022 21:05:35 | INFO | CLIENT]: Started Client Port 9190!
[04.03.2022 21:05:41 | INFO | CLIENT]: START Client1!
[04.03.2022 21:06:05 | INFO | CLIENT]: START Client2!
[04.03.2022 21:06:05 | INFO | CLIENT]: Started Client Port 9190!
[04.03.2022 21:06:10 | INFO | CLIENT]: START Client1!
[04.03.2022 21:07:56 | INFO | CLIENT]: START Client2!
[04.03.2022 21:07:56 | INFO | CLIENT]: START Client1!
[04.03.2022 21:07:56 | INFO | CLIENT]: File Sended
[04.03.2022 21:07:56 | INFO | CLIENT]: Started Client Port 9190!
[04.03.2022 21:07:56 | INFO | CLIENT]: Audio on Client 2 !!!
[04.03.2022 21:10:58 | INFO | CLIENT]: START Client3!
[04.03.2022 21:10:58 | INFO | CLIENT]: Started Client Port 9191!
[04.03.2022 21:12:30 | INFO | CLIENT]: START Client2!
[04.03.2022 21:12:30 | INFO | CLIENT]: Started Client Port 9190!
[04.03.2022 21:13:02 | INFO | CLIENT]: START Client1!
[04.03.2022 21:19:31 | INFO | CLIENT]: START Client2!
[04.03.2022 21:19:31 | INFO | CLIENT]: Started Client Port 9190!
[04.03.2022 21:19:37 | INFO | CLIENT]: START Client1!
[04.03.2022 21:20:24 | INFO | CLIENT]: START Client2!
[04.03.2022 21:20:24 | INFO | CLIENT]: Started Client Port 9190!
[04.03.2022 21:20:26 | INFO | CLIENT]: START Client1!
[04.03.2022 21:25:53 | INFO | CLIENT]: START Client1!
[04.03.2022 21:25:53 | INFO | CLIENT]: File Sended
[04.03.2022 21:25:54 | INFO | CLIENT]: START Client2!
[04.03.2022 21:25:54 | INFO | CLIENT]: Started Client Port 9190!
[04.03.2022 21:28:25 | INFO | CLIENT]: START Client1!
[04.03.2022 21:28:25 | INFO | CLIENT]: File Sended
[04.03.2022 21:28:25 | INFO | CLIENT]: START Client2!
[04.03.2022 21:28:25 | INFO | CLIENT]: Started Client Port 9096!
[04.03.2022 21:28:38 | INFO | CLIENT]: START Client3!
[04.03.2022 21:28:38 | INFO | CLIENT]: Started Client Port 9097!
[04.04.2022 00:30:09 | INFO | CLIENT]: START Client1!
[04.04.2022 00:30:09 | INFO | CLIENT]: File Sended
[04.04.2022 00:30:09 | INFO | CLIENT]: START Client2!
[04.04.2022 00:30:58 | INFO | CLIENT]: START Client1!
[04.04.2022 00:30:58 | INFO | CLIENT]: File Sended
[04.04.2022 00:30:58 | INFO | CLIENT]: START Client2!
[04.04.2022 00:32:56 | INFO | CLIENT]: START Client1!
[04.04.2022 00:32:56 | INFO | CLIENT]: File Sended
[04.04.2022 00:32:56 | INFO | CLIENT]: START Client2!
[04.04.2022 00:33:29 | INFO | CLIENT]: START Client1!
[04.04.2022 00:33:29 | INFO | CLIENT]: File Sended
[04.04.2022 00:33:29 | INFO | CLIENT]: START Client2!
[04.04.2022 00:33:50 | INFO | CLIENT]: START Client1!
[04.04.2022 00:33:50 | INFO | CLIENT]: File Sended
[04.04.2022 00:33:50 | INFO | CLIENT]: START Client2!
[04.04.2022 00:34:23 | INFO | CLIENT]: START Client1!
[04.04.2022 00:34:23 | INFO | CLIENT]: File Sended
[04.04.2022 00:34:23 | INFO | CLIENT]: START Client2!
[04.04.2022 00:36:47 | INFO | CLIENT]: START Client1!
[04.04.2022 00:36:47 | INFO | CLIENT]: File Sended
[04.04.2022 00:36:47 | INFO | CLIENT]: START Client2!
[04.04.2022 00:36:47 | INFO | CLIENT]: PORT 9093 GOT FILE
[04.04.2022 00:39:30 | INFO | CLIENT]: START Client1!
[04.04.2022 00:39:30 | INFO | CLIENT]: File Sended
[04.04.2022 00:39:30 | INFO | CLIENT]: START Client2!
[04.04.2022 00:39:30 | INFO | CLIENT]: PORT 9093 GOT FILE
[04.04.2022 00:49:34 | INFO | CLIENT]: START Client1!
[04.04.2022 00:49:34 | INFO | CLIENT]: File Sended
[04.04.2022 00:49:34 | INFO | CLIENT]: START Client2!
[04.04.2022 00:49:34 | INFO | CLIENT]: PORT 9093 GOT FILE
[04.04.2022 00:52:07 | INFO | CLIENT]: START Client1!
[04.04.2022 00:56:00 | INFO | CLIENT]: START Client1!
[04.04.2022 00:56:00 | INFO | CLIENT]: File Sended
[04.04.2022 00:57:06 | INFO | CLIENT]: START Client1!
[04.04.2022 00:57:06 | INFO | CLIENT]: File Sended
[04.04.2022 00:57:54 | INFO | CLIENT]: START Client1!
[04.04.2022 00:57:54 | INFO | CLIENT]: File Sended
[04.04.2022 00:59:16 | INFO | CLIENT]: START Client1!
[04.04.2022 00:59:16 | INFO | CLIENT]: File Sended
[04.04.2022 01:00:39 | INFO | CLIENT]: START Client1!
[04.04.2022 01:00:39 | INFO | CLIENT]: File Sended
[04.04.2022 01:01:30 | INFO | CLIENT]: START Client1!
[04.04.2022 01:01:30 | INFO | CLIENT]: File Sended
[04.04.2022 01:02:48 | INFO | CLIENT]: START Client1!
[04.04.2022 01:02:48 | INFO | CLIENT]: File Sended
[04.04.2022 01:02:57 | INFO | CLIENT]: START Client1!
[04.04.2022 01:02:57 | INFO | CLIENT]: File Sended
[04.04.2022 01:04:23 | INFO | CLIENT]: START Client1!
[04.04.2022 01:04:23 | INFO | CLIENT]: File Sended
[04.04.2022 01:06:27 | INFO | CLIENT]: START Client1!
[04.04.2022 01:06:27 | INFO | CLIENT]: File Sended
[04.04.2022 01:13:21 | INFO | CLIENT]: START Client1!
[04.04.2022 01:13:21 | INFO | CLIENT]: File Sended
[04.04.2022 01:16:46 | INFO | CLIENT]: START Client1!
[04.04.2022 01:16:46 | INFO | CLIENT]: File Sended
[04.04.2022 01:20:36 | INFO | CLIENT]: START Client1!
[04.04.2022 01:20:36 | INFO | CLIENT]: File Sended
[04.04.2022 01:21:26 | INFO | CLIENT]: START Client1!
[04.04.2022 01:21:26 | INFO | CLIENT]: File Sended
[04.04.2022 01:26:51 | INFO | CLIENT]: START Client1!
[04.04.2022 01:26:51 | INFO | CLIENT]: File Sended
[04.04.2022 02:05:03 | INFO | CLIENT]: START Client1!
[04.04.2022 02:05:03 | INFO | CLIENT]: File Sended
[04.04.2022 02:05:15 | INFO | CLIENT]: START Client1!
[04.04.2022 02:05:15 | INFO | CLIENT]: File Sended
[04.04.2022 02:05:54 | INFO | CLIENT]: START Client1!
[04.04.2022 02:05:54 | INFO | CLIENT]: File Sended
[04.04.2022 16:24:30 | INFO | CLIENT]: START Client1!
[04.04.2022 16:24:30 | INFO | CLIENT]: File Sended
[04.04.2022 16:24:30 | INFO | CLIENT]: START Client2!
[04.04.2022 16:24:30 | INFO | CLIENT]: PORT 9093 GOT FILE
[04.04.2022 16:26:51 | INFO | CLIENT]: START Client1!
[04.04.2022 16:26:51 | INFO | CLIENT]: File Sended
[04.04.2022 16:26:52 | INFO | CLIENT]: START Client2!
[04.04.2022 16:28:22 | INFO | CLIENT]: START Client1!
[04.04.2022 16:28:22 | INFO | CLIENT]: File Sended
[04.04.2022 16:28:23 | INFO | CLIENT]: START Client2!
[04.04.2022 16:29:38 | INFO | CLIENT]: START Client1!
[04.04.2022 16:29:38 | INFO | CLIENT]: File Sended
[04.04.2022 16:29:39 | INFO | CLIENT]: START Client2!
[04.04.2022 16:34:12 | INFO | CLIENT]: START Client1!
[04.04.2022 16:34:12 | INFO | CLIENT]: File Sended
[04.04.2022 16:34:14 | INFO | CLIENT]: START Client2!
[04.04.2022 16:34:39 | INFO | CLIENT]: START Client1!
[04.04.2022 16:34:39 | INFO | CLIENT]: File Sended
[04.04.2022 16:34:40 | INFO | CLIENT]: START Client2!
[04.04.2022 16:35:04 | INFO | CLIENT]: START Client1!
[04.04.2022 16:35:04 | INFO | CLIENT]: File Sended
[04.04.2022 16:35:05 | INFO | CLIENT]: START Client2!
[04.04.2022 16:36:02 | INFO | CLIENT]: START Client1!
[04.04.2022 16:36:02 | INFO | CLIENT]: File Sended
[04.04.2022 16:36:03 | INFO | CLIENT]: START Client2!
[04.04.2022 16:43:10 | INFO | CLIENT]: START Client1!
[04.04.2022 16:43:10 | INFO | CLIENT]: File Sended
[04.04.2022 16:43:11 | INFO | CLIENT]: START Client2!
[04.04.2022 16:43:11 | INFO | CLIENT]: PORT 9093 GOT FILE
[04.04.2022 16:43:38 | INFO | CLIENT]: START Client1!
[04.04.2022 16:43:38 | INFO | CLIENT]: File Sended
[04.04.2022 16:43:39 | INFO | CLIENT]: START Client2!
[04.04.2022 16:43:50 | INFO | CLIENT]: START Client1!
[04.04.2022 16:43:50 | INFO | CLIENT]: File Sended
[04.04.2022 16:43:51 | INFO | CLIENT]: START Client2!
[04.04.2022 16:43:59 | INFO | CLIENT]: START Client1!
[04.04.2022 16:43:59 | INFO | CLIENT]: File Sended
[04.04.2022 16:44:00 | INFO | CLIENT]: START Client2!
[04.04.2022 16:44:22 | INFO | CLIENT]: START Client1!
[04.04.2022 16:44:22 | INFO | CLIENT]: File Sended
[04.04.2022 16:44:22 | INFO | CLIENT]: START Client2!
[04.04.2022 16:44:22 | INFO | CLIENT]: PORT 9093 GOT FILE
[04.04.2022 16:46:14 | INFO | CLIENT]: START Client1!
[04.04.2022 16:46:14 | INFO | CLIENT]: File Sended
[04.04.2022 16:46:14 | INFO | CLIENT]: START Client2!
[04.04.2022 16:46:14 | INFO | CLIENT]: PORT 9093 GOT FILE
[04.04.2022 16:46:33 | INFO | CLIENT]: START Client1!
[04.04.2022 16:46:33 | INFO | CLIENT]: File Sended
[04.04.2022 16:46:33 | INFO | CLIENT]: START Client2!
[04.04.2022 16:47:08 | INFO | CLIENT]: START Client1!
[04.04.2022 16:47:08 | INFO | CLIENT]: File Sended
[04.04.2022 16:47:09 | INFO | CLIENT]: START Client2!
[04.04.2022 16:48:11 | INFO | CLIENT]: START Client1!
[04.04.2022 16:48:11 | INFO | CLIENT]: File Sended
[04.04.2022 16:48:12 | INFO | CLIENT]: START Client2!
[04.04.2022 16:48:12 | INFO | CLIENT]: PORT 9093 GOT FILE
[04.04.2022 18:10:48 | INFO | CLIENT]: START Client1!
[04.04.2022 18:10:48 | INFO | CLIENT]: File Sended
[04.04.2022 18:10:49 | INFO | CLIENT]: START Client2!
[04.04.2022 18:10:49 | INFO | CLIENT]: PORT 9093 GOT FILE
[04.04.2022 18:23:14 | INFO | CLIENT]: START Client1!
[04.04.2022 18:23:14 | INFO | CLIENT]: File Sended
[04.04.2022 18:23:15 | INFO | CLIENT]: START Client2!
[04.04.2022 18:23:15 | INFO | CLIENT]: PORT 9093 GOT FILE
[04.04.2022 18:27:00 | INFO | CLIENT]: START Client1!
[04.04.2022 18:27:00 | INFO | CLIENT]: File Sended
[04.04.2022 18:27:01 | INFO | CLIENT]: START Client2!
[04.04.2022 18:27:01 | INFO | CLIENT]: CLIENT 2 GOT FILE
[04.04.2022 18:55:41 | INFO | CLIENT_1]: START Client1!
[04.04.2022 18:55:41 | INFO | CLIENT_1]: SENDED1 RESULT
[04.04.2022 19:30:28 | INFO | CLIENT_1]: START Client1!
[04.04.2022 19:30:28 | INFO | CLIENT_1]: SENDED1 RESULT
[04.04.2022 20:16:37 | INFO | CLIENT_1]: START Client1!
[04.04.2022 20:16:37 | INFO | CLIENT_1]: File Sended
[04.04.2022 20:16:38 | INFO | CLIENT_2]: START Client2!
[04.04.2022 20:17:41 | INFO | CLIENT_1]: START Client1!
[04.04.2022 20:17:41 | INFO | CLIENT_1]: File Sended
[04.04.2022 20:17:42 | INFO | CLIENT_2]: START Client2!
[04.04.2022 20:17:42 | INFO | CLIENT_2]: CLIENT 2 GOT FILE
[04.04.2022 20:36:39 | INFO | CLIENT_1]: START Client1!
[04.04.2022 20:36:39 | INFO | CLIENT_1]: File Sended
[04.04.2022 20:36:40 | INFO | CLIENT_2]: START Client2!
[04.04.2022 20:36:40 | INFO | CLIENT_2]: CLIENT 2 GOT FILE
[04.04.2022 20:39:37 | INFO | CLIENT_1]: START Client1!
[04.04.2022 20:39:37 | INFO | CLIENT_1]: File Sended
[04.04.2022 20:39:38 | INFO | CLIENT_2]: START Client2!
[04.04.2022 20:39:38 | INFO | CLIENT_2]: CLIENT 2 GOT FILE
[04.04.2022 20:43:21 | INFO | CLIENT_1]: START Client1!
[04.04.2022 20:43:21 | INFO | CLIENT_1]: File Sended
[04.04.2022 20:43:23 | INFO | CLIENT_2]: START Client2!
[04.04.2022 20:43:23 | INFO | CLIENT_2]: CLIENT 2 GOT FILE
[04.04.2022 20:50:26 | INFO | CLIENT_1]: START Client1!
[04.04.2022 20:50:26 | INFO | CLIENT_1]: File Sended
[04.04.2022 20:50:27 | INFO | CLIENT_2]: START Client2!
[04.04.2022 20:50:27 | INFO | CLIENT_2]: CLIENT 2 GOT FILE
[04.04.2022 20:51:28 | INFO | CLIENT_1]: START Client1!
[04.04.2022 20:51:28 | INFO | CLIENT_1]: File Sended
[04.04.2022 20:51:29 | INFO | CLIENT_2]: START Client2!
[04.04.2022 20:51:29 | INFO | CLIENT_2]: CLIENT 2 GOT FILE
[04.04.2022 20:52:00 | INFO | CLIENT_1]: START Client1!
[04.04.2022 20:52:00 | INFO | CLIENT_1]: File Sended
[04.04.2022 20:52:01 | INFO | CLIENT_2]: START Client2!
[04.04.2022 20:52:09 | INFO | CLIENT_1]: START Client1!
[04.04.2022 20:52:09 | INFO | CLIENT_1]: File Sended
[04.04.2022 20:52:10 | INFO | CLIENT_2]: START Client2!
[04.04.2022 20:52:25 | INFO | CLIENT_1]: START Client1!
[04.04.2022 20:52:25 | INFO | CLIENT_1]: File Sended
[04.04.2022 20:52:26 | INFO | CLIENT_2]: START Client2!
[04.04.2022 20:52:55 | INFO | CLIENT_1]: START Client1!
[04.04.2022 20:52:55 | INFO | CLIENT_1]: File Sended
[04.04.2022 20:52:56 | INFO | CLIENT_2]: START Client2!
[04.04.2022 20:52:56 | INFO | CLIENT_2]: CLIENT 2 GOT FILE
[04.04.2022 20:53:39 | INFO | CLIENT_1]: START Client1!
[04.04.2022 20:53:39 | INFO | CLIENT_1]: File Sended
[04.04.2022 20:53:40 | INFO | CLIENT_2]: START Client2!
[04.04.2022 20:53:49 | INFO | CLIENT_1]: START Client1!
[04.04.2022 20:53:49 | INFO | CLIENT_1]: File Sended
[04.04.2022 20:53:50 | INFO | CLIENT_2]: START Client2!
[04.04.2022 20:53:54 | INFO | CLIENT_1]: START Client1!
[04.04.2022 20:53:54 | INFO | CLIENT_1]: File Sended
[04.04.2022 20:53:55 | INFO | CLIENT_2]: START Client2!
[04.04.2022 20:53:57 | INFO | CLIENT_1]: START Client1!
[04.04.2022 20:53:57 | INFO | CLIENT_1]: File Sended
[04.04.2022 20:53:58 | INFO | CLIENT_2]: START Client2!
[04.04.2022 20:53:58 | INFO | CLIENT_2]: CLIENT 2 GOT FILE
[04.04.2022 20:56:17 | INFO | CLIENT_1]: START Client1!
[04.04.2022 20:56:17 | INFO | CLIENT_1]: File Sended
[04.04.2022 20:56:18 | INFO | CLIENT_2]: START Client2!
[04.04.2022 20:56:18 | INFO | CLIENT_2]: CLIENT 2 GOT FILE
[04.04.2022 20:56:48 | INFO | CLIENT_1]: START Client1!
[04.04.2022 20:56:48 | INFO | CLIENT_1]: File Sended
[04.04.2022 20:56:49 | INFO | CLIENT_2]: START Client2!
[04.04.2022 20:56:52 | INFO | CLIENT_1]: START Client1!
[04.04.2022 20:56:52 | INFO | CLIENT_1]: File Sended
[04.04.2022 20:56:53 | INFO | CLIENT_2]: START Client2!
[04.04.2022 20:56:57 | INFO | CLIENT_1]: START Client1!
[04.04.2022 20:56:57 | INFO | CLIENT_1]: File Sended
[04.04.2022 20:56:58 | INFO | CLIENT_2]: START Client2!
[04.04.2022 20:57:04 | INFO | CLIENT_1]: START Client1!
[04.04.2022 20:57:04 | INFO | CLIENT_1]: File Sended
[04.04.2022 20:57:05 | INFO | CLIENT_2]: START Client2!
[04.04.2022 20:57:09 | INFO | CLIENT_1]: START Client1!
[04.04.2022 20:57:09 | INFO | CLIENT_1]: File Sended
[04.04.2022 20:57:10 | INFO | CLIENT_2]: START Client2!
[04.04.2022 20:57:13 | INFO | CLIENT_1]: START Client1!
[04.04.2022 20:57:13 | INFO | CLIENT_1]: File Sended
[04.04.2022 20:57:14 | INFO | CLIENT_2]: START Client2!
[04.04.2022 20:57:17 | INFO | CLIENT_1]: START Client1!
[04.04.2022 20:57:17 | INFO | CLIENT_1]: File Sended
[04.04.2022 20:57:18 | INFO | CLIENT_2]: START Client2!
[04.04.2022 20:57:26 | INFO | CLIENT_1]: START Client1!
[04.04.2022 20:57:26 | INFO | CLIENT_1]: File Sended
[04.04.2022 20:57:27 | INFO | CLIENT_2]: START Client2!
[04.04.2022 20:57:27 | INFO | CLIENT_2]: CLIENT 2 GOT FILE
[04.04.2022 21:07:07 | INFO | CLIENT_1]: START Client1!
[04.04.2022 21:07:07 | INFO | CLIENT_1]: File Sended
[04.04.2022 21:07:08 | INFO | CLIENT_2]: START Client2!
[04.04.2022 21:07:08 | INFO | CLIENT_2]: CLIENT 2 GOT FILE
[04.04.2022 21:10:13 | INFO | CLIENT_1]: START Client1!
[04.04.2022 21:10:13 | INFO | CLIENT_1]: File Sended
[04.04.2022 21:10:14 | INFO | CLIENT_2]: START Client2!
[04.04.2022 21:10:14 | INFO | CLIENT_2]: CLIENT 2 GOT FILE
[04.04.2022 21:10:14 | INFO | CLIENT_3]: START Client3!
[04.04.2022 21:10:14 | INFO | CLIENT_3]: CLIENT 3 GOT FILE
[04.04.2022 21:13:50 | INFO | CLIENT_1]: START Client1!
[04.04.2022 21:13:50 | INFO | CLIENT_1]: File Sended
[04.04.2022 21:13:51 | INFO | CLIENT_2]: START Client2!
[04.04.2022 21:13:51 | INFO | CLIENT_2]: CLIENT 2 GOT FILE
[04.04.2022 21:13:51 | INFO | CLIENT_3]: START Client3!
[04.04.2022 21:13:51 | INFO | CLIENT_3]: CLIENT 3 GOT FILE
[04.04.2022 21:15:43 | INFO | CLIENT_1]: START Client1!
[04.04.2022 21:15:43 | INFO | CLIENT_1]: File Sended
[04.04.2022 21:15:44 | INFO | CLIENT_2]: START Client2!
[04.04.2022 21:15:44 | INFO | CLIENT_2]: CLIENT 2 GOT FILE
[04.04.2022 21:15:44 | INFO | CLIENT_3]: START Client3!
[04.04.2022 21:15:44 | INFO | CLIENT_3]: CLIENT 3 GOT FILE
